<?xml version="1.0" encoding="UTF-8"?>
<!-- Generated by org.testng.reporters.JUnitReportReporter -->
<testsuite hostname="STIPL-SMBL0339" failures="0" tests="5" name="testRunner.TestNGTestRunner" time="7.296" errors="0" timestamp="2024-09-20T01:15:54 IST" skipped="0">
  <testcase classname="testRunner.TestNGTestRunner" name="runScenario" time="1.010"/>
  <testcase classname="testRunner.TestNGTestRunner" name="runScenario" time="0.972"/>
  <testcase classname="testRunner.TestNGTestRunner" name="runScenario" time="3.145"/>
  <testcase classname="testRunner.TestNGTestRunner" name="runScenario" time="1.197"/>
  <testcase classname="testRunner.TestNGTestRunner" name="runScenario" time="0.972"/>
</testsuite> <!-- testRunner.TestNGTestRunner -->
